<?xml version="1.0" encoding="UTF-8"?>
<testng-results ignored="0" total="1" passed="1" failed="0" skipped="0">
  <reporter-output>
  </reporter-output>
  <suite started-at="2022-02-21T14:20:33Z" name="Default suite" finished-at="2022-02-21T14:20:57Z" duration-ms="24234">
    <groups>
    </groups>
    <test started-at="2022-02-21T14:20:33Z" name="Default test" finished-at="2022-02-21T14:20:57Z" duration-ms="24234">
      <class name="org.testng.SoftAssert">
        <test-method is-config="true" signature="beforeLaunch()[pri:0, instance:org.testng.SoftAssert@8e50104]" started-at="2022-02-21T14:20:33Z" name="beforeLaunch" finished-at="2022-02-21T14:20:35Z" duration-ms="2005" status="PASS">
          <reporter-output>
          </reporter-output>
        </test-method> <!-- beforeLaunch -->
        <test-method is-config="true" signature="startTime()[pri:0, instance:org.testng.SoftAssert@8e50104]" started-at="2022-02-21T14:20:35Z" name="startTime" finished-at="2022-02-21T14:20:36Z" duration-ms="877" status="PASS">
          <reporter-output>
          </reporter-output>
        </test-method> <!-- startTime -->
        <test-method signature="tc1()[pri:0, instance:org.testng.SoftAssert@8e50104]" started-at="2022-02-21T14:20:36Z" name="tc1" finished-at="2022-02-21T14:20:54Z" duration-ms="18066" status="PASS">
          <reporter-output>
          </reporter-output>
        </test-method> <!-- tc1 -->
        <test-method is-config="true" signature="endTime()[pri:0, instance:org.testng.SoftAssert@8e50104]" started-at="2022-02-21T14:20:54Z" name="endTime" finished-at="2022-02-21T14:20:57Z" duration-ms="3001" status="PASS">
          <reporter-output>
          </reporter-output>
        </test-method> <!-- endTime -->
        <test-method is-config="true" signature="afterLaunch()[pri:0, instance:org.testng.SoftAssert@8e50104]" started-at="2022-02-21T14:20:57Z" name="afterLaunch" finished-at="2022-02-21T14:20:57Z" duration-ms="274" status="PASS">
          <reporter-output>
          </reporter-output>
        </test-method> <!-- afterLaunch -->
      </class> <!-- org.testng.SoftAssert -->
    </test> <!-- Default test -->
  </suite> <!-- Default suite -->
</testng-results>
